<?xml version="1.0" encoding="UTF-8"?>
<!-- Generated by org.testng.reporters.JUnitReportReporter -->
<testsuite skipped="0" hostname="DESKTOP-N9QFJ52" name="testRunners.TestRunner_Page1" tests="2" failures="0" timestamp="2022-04-18T11:29:32 IST" time="0.202" errors="0">
  <testcase name="runScenario" time="0.188" classname="testRunners.TestRunner_Page1"/>
  <system-out/>
  <testcase name="runScenario" time="0.014" classname="testRunners.TestRunner_Page1"/>
  <system-out/>
</testsuite> <!-- testRunners.TestRunner_Page1 -->
